2025-07-07 12:25:05,179 INFO o.a.j.u.JMeterUtils: Setting Locale to en_EN
2025-07-07 12:25:05,195 INFO o.a.j.JMeter: Loading user properties from: user.properties
2025-07-07 12:25:05,195 INFO o.a.j.JMeter: Loading system properties from: system.properties
2025-07-07 12:25:05,195 INFO o.a.j.JMeter: Copyright (c) 1998-2024 The Apache Software Foundation
2025-07-07 12:25:05,195 INFO o.a.j.JMeter: Version 5.6.3
2025-07-07 12:25:05,195 INFO o.a.j.JMeter: java.version=1.8.0_202
2025-07-07 12:25:05,195 INFO o.a.j.JMeter: java.vm.name=Java HotSpot(TM) 64-Bit Server VM
2025-07-07 12:25:05,195 INFO o.a.j.JMeter: os.name=Windows 10
2025-07-07 12:25:05,195 INFO o.a.j.JMeter: os.arch=amd64
2025-07-07 12:25:05,195 INFO o.a.j.JMeter: os.version=10.0
2025-07-07 12:25:05,195 INFO o.a.j.JMeter: file.encoding=GBK
2025-07-07 12:25:05,195 INFO o.a.j.JMeter: java.awt.headless=null
2025-07-07 12:25:05,195 INFO o.a.j.JMeter: Max memory     =1073741824
2025-07-07 12:25:05,195 INFO o.a.j.JMeter: Available Processors =12
2025-07-07 12:25:05,195 INFO o.a.j.JMeter: Default Locale=English (EN)
2025-07-07 12:25:05,195 INFO o.a.j.JMeter: JMeter  Locale=English (EN)
2025-07-07 12:25:05,195 INFO o.a.j.JMeter: JMeterHome=C:\Users\Win10\Desktop\apache-jmeter-5.6.3
2025-07-07 12:25:05,195 INFO o.a.j.JMeter: user.dir  =C:\Users\Win10\Desktop\apache-jmeter-5.6.3\bin
2025-07-07 12:25:05,210 INFO o.a.j.JMeter: PWD       =C:\Users\Win10\Desktop\apache-jmeter-5.6.3\bin
2025-07-07 12:25:05,210 INFO o.a.j.JMeter: IP: 172.16.0.43 Name: DESKTOP-52GU068 FullName: DESKTOP-52GU068
2025-07-07 12:25:05,210 INFO o.a.j.JMeter: Loaded icon properties from org/apache/jmeter/images/icon.properties
2025-07-07 12:25:05,366 INFO o.a.j.JMeterGuiLauncher: Setting LAF to: com.github.weisj.darklaf.DarkLaf:com.github.weisj.darklaf.theme.DarculaTheme
